{"numFailedTestSuites":0,"numFailedTests":0,"numPassedTestSuites":1,"numPassedTests":17,"numPendingTestSuites":0,"numPendingTests":0,"numRuntimeErrorTestSuites":0,"numTodoTests":0,"numTotalTestSuites":1,"numTotalTests":17,"openHandles":[],"snapshot":{"added":0,"didUpdate":false,"failure":false,"filesAdded":0,"filesRemoved":0,"filesRemovedList":[],"filesUnmatched":0,"filesUpdated":0,"matched":0,"total":0,"unchecked":0,"uncheckedKeysByFile":[],"unmatched":0,"updated":0},"startTime":1764852386185,"success":true,"testResults":[{"assertionResults":[{"ancestorTitles":["Login API Tests - https://freelance-learn-automation.vercel.app/login","GET /login - Retrieve Login Page/Form"],"duration":97,"failureDetails":[],"failureMessages":[],"fullName":"Login API Tests - https://freelance-learn-automation.vercel.app/login GET /login - Retrieve Login Page/Form Should return 200 status when accessing login endpoint","invocations":1,"location":null,"numPassingAsserts":1,"retryReasons":[],"status":"passed","title":"Should return 200 status when accessing login endpoint"},{"ancestorTitles":["Login API Tests - https://freelance-learn-automation.vercel.app/login","GET /login - Retrieve Login Page/Form"],"duration":12,"failureDetails":[],"failureMessages":[],"fullName":"Login API Tests - https://freelance-learn-automation.vercel.app/login GET /login - Retrieve Login Page/Form Should return proper content type","invocations":1,"location":null,"numPassingAsserts":1,"retryReasons":[],"status":"passed","title":"Should return proper content type"},{"ancestorTitles":["Login API Tests - https://freelance-learn-automation.vercel.app/login","POST /login - User Login"],"duration":67,"failureDetails":[],"failureMessages":[],"fullName":"Login API Tests - https://freelance-learn-automation.vercel.app/login POST /login - User Login POST /login endpoint returns 405 (Method Not Allowed)","invocations":1,"location":null,"numPassingAsserts":1,"retryReasons":[],"status":"passed","title":"POST /login endpoint returns 405 (Method Not Allowed)"},{"ancestorTitles":["Login API Tests - https://freelance-learn-automation.vercel.app/login","POST /login - User Login"],"duration":11,"failureDetails":[],"failureMessages":[],"fullName":"Login API Tests - https://freelance-learn-automation.vercel.app/login POST /login - User Login Should handle POST with missing credentials gracefully","invocations":1,"location":null,"numPassingAsserts":1,"retryReasons":[],"status":"passed","title":"Should handle POST with missing credentials gracefully"},{"ancestorTitles":["Login API Tests - https://freelance-learn-automation.vercel.app/login","POST /login - User Login"],"duration":9,"failureDetails":[],"failureMessages":[],"fullName":"Login API Tests - https://freelance-learn-automation.vercel.app/login POST /login - User Login Should handle POST with invalid credentials","invocations":1,"location":null,"numPassingAsserts":1,"retryReasons":[],"status":"passed","title":"Should handle POST with invalid credentials"},{"ancestorTitles":["Login API Tests - https://freelance-learn-automation.vercel.app/login","POST /login - User Login"],"duration":9,"failureDetails":[],"failureMessages":[],"fullName":"Login API Tests - https://freelance-learn-automation.vercel.app/login POST /login - User Login Should handle POST with missing username","invocations":1,"location":null,"numPassingAsserts":1,"retryReasons":[],"status":"passed","title":"Should handle POST with missing username"},{"ancestorTitles":["Login API Tests - https://freelance-learn-automation.vercel.app/login","POST /login - User Login"],"duration":8,"failureDetails":[],"failureMessages":[],"fullName":"Login API Tests - https://freelance-learn-automation.vercel.app/login POST /login - User Login Should handle POST with missing password","invocations":1,"location":null,"numPassingAsserts":1,"retryReasons":[],"status":"passed","title":"Should handle POST with missing password"},{"ancestorTitles":["Login API Tests - https://freelance-learn-automation.vercel.app/login","POST /login - User Login"],"duration":7,"failureDetails":[],"failureMessages":[],"fullName":"Login API Tests - https://freelance-learn-automation.vercel.app/login POST /login - User Login Should accept JSON content type in POST","invocations":1,"location":null,"numPassingAsserts":0,"retryReasons":[],"status":"passed","title":"Should accept JSON content type in POST"},{"ancestorTitles":["Login API Tests - https://freelance-learn-automation.vercel.app/login","POST /login - User Login"],"duration":16,"failureDetails":[],"failureMessages":[],"fullName":"Login API Tests - https://freelance-learn-automation.vercel.app/login POST /login - User Login Should handle POST with empty string credentials","invocations":1,"location":null,"numPassingAsserts":1,"retryReasons":[],"status":"passed","title":"Should handle POST with empty string credentials"},{"ancestorTitles":["Login API Tests - https://freelance-learn-automation.vercel.app/login","POST /login - User Login"],"duration":7,"failureDetails":[],"failureMessages":[],"fullName":"Login API Tests - https://freelance-learn-automation.vercel.app/login POST /login - User Login Should handle POST with special characters","invocations":1,"location":null,"numPassingAsserts":1,"retryReasons":[],"status":"passed","title":"Should handle POST with special characters"},{"ancestorTitles":["Login API Tests - https://freelance-learn-automation.vercel.app/login","POST /login - User Login"],"duration":19,"failureDetails":[],"failureMessages":[],"fullName":"Login API Tests - https://freelance-learn-automation.vercel.app/login POST /login - User Login Should handle POST with very long credentials","invocations":1,"location":null,"numPassingAsserts":1,"retryReasons":[],"status":"passed","title":"Should handle POST with very long credentials"},{"ancestorTitles":["Login API Tests - https://freelance-learn-automation.vercel.app/login","POST /login - User Login"],"duration":9,"failureDetails":[],"failureMessages":[],"fullName":"Login API Tests - https://freelance-learn-automation.vercel.app/login POST /login - User Login Should handle SQL injection attempts safely","invocations":1,"location":null,"numPassingAsserts":1,"retryReasons":[],"status":"passed","title":"Should handle SQL injection attempts safely"},{"ancestorTitles":["Login API Tests - https://freelance-learn-automation.vercel.app/login","Response Headers Validation"],"duration":6,"failureDetails":[],"failureMessages":[],"fullName":"Login API Tests - https://freelance-learn-automation.vercel.app/login Response Headers Validation Should include required security headers","invocations":1,"location":null,"numPassingAsserts":1,"retryReasons":[],"status":"passed","title":"Should include required security headers"},{"ancestorTitles":["Login API Tests - https://freelance-learn-automation.vercel.app/login","Response Headers Validation"],"duration":7,"failureDetails":[],"failureMessages":[],"fullName":"Login API Tests - https://freelance-learn-automation.vercel.app/login Response Headers Validation Should have correct Accept header","invocations":1,"location":null,"numPassingAsserts":0,"retryReasons":[],"status":"passed","title":"Should have correct Accept header"},{"ancestorTitles":["Login API Tests - https://freelance-learn-automation.vercel.app/login","Response Body Validation"],"duration":8,"failureDetails":[],"failureMessages":[],"fullName":"Login API Tests - https://freelance-learn-automation.vercel.app/login Response Body Validation Should return structured response object","invocations":1,"location":null,"numPassingAsserts":1,"retryReasons":[],"status":"passed","title":"Should return structured response object"},{"ancestorTitles":["Login API Tests - https://freelance-learn-automation.vercel.app/login","Performance Tests"],"duration":8,"failureDetails":[],"failureMessages":[],"fullName":"Login API Tests - https://freelance-learn-automation.vercel.app/login Performance Tests Should respond within acceptable time","invocations":1,"location":null,"numPassingAsserts":1,"retryReasons":[],"status":"passed","title":"Should respond within acceptable time"},{"ancestorTitles":["Login API Tests - https://freelance-learn-automation.vercel.app/login","Performance Tests"],"duration":29,"failureDetails":[],"failureMessages":[],"fullName":"Login API Tests - https://freelance-learn-automation.vercel.app/login Performance Tests Should handle multiple concurrent requests","invocations":1,"location":null,"numPassingAsserts":1,"retryReasons":[],"status":"passed","title":"Should handle multiple concurrent requests"}],"endTime":1764852387859,"message":"","name":"/home/zadmin/Desktop/playwright-selenium-pom/api/src/__tests__/login.test.ts","startTime":1764852386422,"status":"passed","summary":""}],"wasInterrupted":false}
